<?xml version="1.0" encoding="UTF-8"?>
<testng-results ignored="0" total="1" passed="1" failed="0" skipped="0">
  <reporter-output>
  </reporter-output>
  <suite started-at="2020-07-24T05:51:41Z" name="Default suite" finished-at="2020-07-24T05:52:59Z" duration-ms="77079">
    <groups>
    </groups>
    <test started-at="2020-07-24T05:51:41Z" name="Default test" finished-at="2020-07-24T05:52:59Z" duration-ms="77079">
      <class name="New.Test.App">
        <test-method signature="Demo()[pri:0, instance:New.Test.App@6a01e23]" started-at="2020-07-24T05:51:42Z" name="Demo" finished-at="2020-07-24T05:52:59Z" duration-ms="76977" status="PASS">
          <reporter-output>
          </reporter-output>
        </test-method> <!-- Demo -->
      </class> <!-- New.Test.App -->
    </test> <!-- Default test -->
  </suite> <!-- Default suite -->
</testng-results>
